{"contracts/Claimable.sol":{"l":{"24":43,"31":37,"32":35,"39":3,"40":1,"48":2,"55":1,"56":1,"57":1},"path":"/Users/lxmnk/GitHub/skyway-contracts/contracts/Claimable.sol","s":{"1":43,"2":37,"3":3,"4":2,"5":1,"6":1,"7":1},"b":{"1":[35,2],"2":[1,2]},"f":{"1":43,"2":37,"3":3,"4":2,"5":1},"fnMap":{"1":{"name":"constructor","line":23,"loc":{"start":{"line":23,"column":4},"end":{"line":23,"column":22}}},"2":{"name":"onlyOwner","line":30,"loc":{"start":{"line":30,"column":4},"end":{"line":30,"column":22}}},"3":{"name":"onlyPendingOwner","line":38,"loc":{"start":{"line":38,"column":4},"end":{"line":38,"column":29}}},"4":{"name":"transferOwnership","line":47,"loc":{"start":{"line":47,"column":4},"end":{"line":47,"column":63}}},"5":{"name":"claimOwnership","line":54,"loc":{"start":{"line":54,"column":4},"end":{"line":54,"column":51}}}},"statementMap":{"1":{"start":{"line":24,"column":8},"end":{"line":24,"column":25}},"2":{"start":{"line":31,"column":8},"end":{"line":31,"column":35}},"3":{"start":{"line":39,"column":8},"end":{"line":39,"column":42}},"4":{"start":{"line":48,"column":8},"end":{"line":48,"column":30}},"5":{"start":{"line":55,"column":8},"end":{"line":55,"column":54}},"6":{"start":{"line":56,"column":8},"end":{"line":56,"column":27}},"7":{"start":{"line":57,"column":8},"end":{"line":57,"column":32}}},"branchMap":{"1":{"line":31,"type":"if","locations":[{"start":{"line":31,"column":8},"end":{"line":31,"column":8}},{"start":{"line":31,"column":8},"end":{"line":31,"column":8}}]},"2":{"line":39,"type":"if","locations":[{"start":{"line":39,"column":8},"end":{"line":39,"column":8}},{"start":{"line":39,"column":8},"end":{"line":39,"column":8}}]}}},"contracts/Keeper.sol":{"l":{"32":21,"33":19,"34":15,"35":15,"36":15,"40":18,"41":16,"42":14,"44":12,"45":12,"49":17,"50":15,"51":13,"52":11,"56":5,"57":5,"58":5,"59":5,"63":16,"64":14,"66":5,"69":9,"71":9,"72":9,"75":9,"78":2},"path":"/Users/lxmnk/GitHub/skyway-contracts/contracts/Keeper.sol","s":{"1":21,"2":19,"3":15,"4":15,"5":15,"6":18,"7":16,"8":14,"9":12,"10":12,"11":17,"12":15,"13":13,"14":11,"15":5,"16":5,"17":5,"18":16,"19":14,"20":5,"21":9,"22":9,"23":9,"24":9,"25":2},"b":{"1":[19,2],"2":[15,4],"3":[16,2],"4":[14,2],"5":[12,2],"6":[15,2],"7":[13,2],"8":[11,2],"9":[5,6],"10":[14,2],"11":[5,9]},"f":{"1":21,"2":18,"3":17,"4":16},"fnMap":{"1":{"name":"constructor","line":26,"loc":{"start":{"line":26,"column":4},"end":{"line":30,"column":14}}},"2":{"name":"addBalance","line":39,"loc":{"start":{"line":39,"column":4},"end":{"line":39,"column":67}}},"3":{"name":"withdraw","line":48,"loc":{"start":{"line":48,"column":4},"end":{"line":48,"column":55}}},"4":{"name":"getUnfrozenAmount","line":62,"loc":{"start":{"line":62,"column":4},"end":{"line":62,"column":75}}}},"statementMap":{"1":{"start":{"line":32,"column":8},"end":{"line":32,"column":53}},"2":{"start":{"line":33,"column":8},"end":{"line":33,"column":55}},"3":{"start":{"line":34,"column":8},"end":{"line":34,"column":21}},"4":{"start":{"line":35,"column":8},"end":{"line":35,"column":45}},"5":{"start":{"line":36,"column":8},"end":{"line":36,"column":45}},"6":{"start":{"line":40,"column":8},"end":{"line":40,"column":33}},"7":{"start":{"line":41,"column":8},"end":{"line":41,"column":26}},"8":{"start":{"line":42,"column":8},"end":{"line":42,"column":1434}},"9":{"start":{"line":44,"column":8},"end":{"line":44,"column":48}},"10":{"start":{"line":45,"column":8},"end":{"line":45,"column":46}},"11":{"start":{"line":49,"column":8},"end":{"line":49,"column":33}},"12":{"start":{"line":50,"column":8},"end":{"line":50,"column":26}},"13":{"start":{"line":51,"column":8},"end":{"line":51,"column":59}},"14":{"start":{"line":52,"column":8},"end":{"line":52,"column":1780}},"15":{"start":{"line":56,"column":8},"end":{"line":56,"column":62}},"16":{"start":{"line":57,"column":8},"end":{"line":57,"column":80}},"17":{"start":{"line":58,"column":8},"end":{"line":58,"column":46}},"18":{"start":{"line":63,"column":8},"end":{"line":63,"column":2230}},"19":{"start":{"line":64,"column":12},"end":{"line":64,"column":2277}},"20":{"start":{"line":66,"column":16},"end":{"line":66,"column":40}},"21":{"start":{"line":69,"column":12},"end":{"line":69,"column":2511}},"22":{"start":{"line":71,"column":12},"end":{"line":71,"column":71}},"23":{"start":{"line":72,"column":12},"end":{"line":72,"column":2676}},"24":{"start":{"line":75,"column":12},"end":{"line":75,"column":25}},"25":{"start":{"line":78,"column":8},"end":{"line":78,"column":16}}},"branchMap":{"1":{"line":32,"type":"if","locations":[{"start":{"line":32,"column":8},"end":{"line":32,"column":8}},{"start":{"line":32,"column":8},"end":{"line":32,"column":8}}]},"2":{"line":33,"type":"if","locations":[{"start":{"line":33,"column":8},"end":{"line":33,"column":8}},{"start":{"line":33,"column":8},"end":{"line":33,"column":8}}]},"3":{"line":40,"type":"if","locations":[{"start":{"line":40,"column":8},"end":{"line":40,"column":8}},{"start":{"line":40,"column":8},"end":{"line":40,"column":8}}]},"4":{"line":41,"type":"if","locations":[{"start":{"line":41,"column":8},"end":{"line":41,"column":8}},{"start":{"line":41,"column":8},"end":{"line":41,"column":8}}]},"5":{"line":42,"type":"if","locations":[{"start":{"line":42,"column":8},"end":{"line":42,"column":8}},{"start":{"line":42,"column":8},"end":{"line":42,"column":8}}]},"6":{"line":49,"type":"if","locations":[{"start":{"line":49,"column":8},"end":{"line":49,"column":8}},{"start":{"line":49,"column":8},"end":{"line":49,"column":8}}]},"7":{"line":50,"type":"if","locations":[{"start":{"line":50,"column":8},"end":{"line":50,"column":8}},{"start":{"line":50,"column":8},"end":{"line":50,"column":8}}]},"8":{"line":51,"type":"if","locations":[{"start":{"line":51,"column":8},"end":{"line":51,"column":8}},{"start":{"line":51,"column":8},"end":{"line":51,"column":8}}]},"9":{"line":52,"type":"if","locations":[{"start":{"line":52,"column":8},"end":{"line":52,"column":8}},{"start":{"line":52,"column":8},"end":{"line":52,"column":8}}]},"10":{"line":63,"type":"if","locations":[{"start":{"line":63,"column":8},"end":{"line":63,"column":8}},{"start":{"line":63,"column":8},"end":{"line":63,"column":8}}]},"11":{"line":64,"type":"if","locations":[{"start":{"line":64,"column":12},"end":{"line":64,"column":12}},{"start":{"line":64,"column":12},"end":{"line":64,"column":12}}]}}},"contracts/SwgToken.sol":{"l":{"20":15,"21":15},"path":"/Users/lxmnk/GitHub/skyway-contracts/contracts/SwgToken.sol","s":{"1":15,"2":15},"b":{},"f":{"1":15},"fnMap":{"1":{"name":"mint","line":19,"loc":{"start":{"line":19,"column":4},"end":{"line":19,"column":74}}}},"statementMap":{"1":{"start":{"line":20,"column":8},"end":{"line":20,"column":23}},"2":{"start":{"line":21,"column":8},"end":{"line":21,"column":19}}},"branchMap":{}}}