{"contracts/Claimable.sol":{"l":{"24":5,"31":4,"32":2,"39":3,"40":1,"48":2,"55":1,"56":1,"57":1},"path":"/Users/kirill/Prog/skyway-contracts/contracts/Claimable.sol","s":{"1":5,"2":4,"3":3,"4":2,"5":1,"6":1,"7":1},"b":{"1":[2,2],"2":[1,2]},"f":{"1":5,"2":4,"3":3,"4":2,"5":1},"fnMap":{"1":{"name":"constructor","line":23,"loc":{"start":{"line":23,"column":4},"end":{"line":23,"column":22}}},"2":{"name":"onlyOwner","line":30,"loc":{"start":{"line":30,"column":4},"end":{"line":30,"column":22}}},"3":{"name":"onlyPendingOwner","line":38,"loc":{"start":{"line":38,"column":4},"end":{"line":38,"column":29}}},"4":{"name":"transferOwnership","line":47,"loc":{"start":{"line":47,"column":4},"end":{"line":47,"column":63}}},"5":{"name":"claimOwnership","line":54,"loc":{"start":{"line":54,"column":4},"end":{"line":54,"column":51}}}},"statementMap":{"1":{"start":{"line":24,"column":8},"end":{"line":24,"column":25}},"2":{"start":{"line":31,"column":8},"end":{"line":31,"column":35}},"3":{"start":{"line":39,"column":8},"end":{"line":39,"column":42}},"4":{"start":{"line":48,"column":8},"end":{"line":48,"column":30}},"5":{"start":{"line":55,"column":8},"end":{"line":55,"column":54}},"6":{"start":{"line":56,"column":8},"end":{"line":56,"column":27}},"7":{"start":{"line":57,"column":8},"end":{"line":57,"column":32}}},"branchMap":{"1":{"line":31,"type":"if","locations":[{"start":{"line":31,"column":8},"end":{"line":31,"column":8}},{"start":{"line":31,"column":8},"end":{"line":31,"column":8}}]},"2":{"line":39,"type":"if","locations":[{"start":{"line":39,"column":8},"end":{"line":39,"column":8}},{"start":{"line":39,"column":8},"end":{"line":39,"column":8}}]}}},"contracts/SwgToken.sol":{"l":{"20":0,"21":0},"path":"/Users/kirill/Prog/skyway-contracts/contracts/SwgToken.sol","s":{"1":0,"2":0},"b":{},"f":{"1":0},"fnMap":{"1":{"name":"mint","line":19,"loc":{"start":{"line":19,"column":4},"end":{"line":19,"column":74}}}},"statementMap":{"1":{"start":{"line":20,"column":8},"end":{"line":20,"column":23}},"2":{"start":{"line":21,"column":8},"end":{"line":21,"column":19}}},"branchMap":{}}}